<?xml version="1.0" encoding="UTF-8"?>
<testsuite xmlns:xsi="http://www.w3.org/2001/XMLSchema-instance" xsi:noNamespaceSchemaLocation="https://maven.apache.org/surefire/maven-surefire-plugin/xsd/surefire-test-report.xsd" name="com.example.jwtx.JwtxApplicationTests" time="2.053" tests="1" errors="0" skipped="0" failures="0">
  <properties>
    <property name="sun.desktop" value="windows"/>
    <property name="awt.toolkit" value="sun.awt.windows.WToolkit"/>
    <property name="file.encoding.pkg" value="sun.io"/>
    <property name="java.specification.version" value="1.8"/>
    <property name="sun.cpu.isalist" value="amd64"/>
    <property name="sun.jnu.encoding" value="GBK"/>
    <property name="java.class.path" value="D:\IDEA_code\jwtx\target\test-classes;D:\IDEA_code\jwtx\target\classes;D:\Maven\repo\org\springframework\boot\spring-boot-starter-web\2.4.0\spring-boot-starter-web-2.4.0.jar;D:\Maven\repo\org\springframework\boot\spring-boot-starter\2.4.0\spring-boot-starter-2.4.0.jar;D:\Maven\repo\org\springframework\boot\spring-boot\2.4.0\spring-boot-2.4.0.jar;D:\Maven\repo\org\springframework\boot\spring-boot-autoconfigure\2.4.0\spring-boot-autoconfigure-2.4.0.jar;D:\Maven\repo\org\springframework\boot\spring-boot-starter-logging\2.4.0\spring-boot-starter-logging-2.4.0.jar;D:\Maven\repo\ch\qos\logback\logback-classic\1.2.3\logback-classic-1.2.3.jar;D:\Maven\repo\ch\qos\logback\logback-core\1.2.3\logback-core-1.2.3.jar;D:\Maven\repo\org\apache\logging\log4j\log4j-to-slf4j\2.13.3\log4j-to-slf4j-2.13.3.jar;D:\Maven\repo\org\apache\logging\log4j\log4j-api\2.13.3\log4j-api-2.13.3.jar;D:\Maven\repo\org\slf4j\jul-to-slf4j\1.7.30\jul-to-slf4j-1.7.30.jar;D:\Maven\repo\jakarta\annotation\jakarta.annotation-api\1.3.5\jakarta.annotation-api-1.3.5.jar;D:\Maven\repo\org\yaml\snakeyaml\1.27\snakeyaml-1.27.jar;D:\Maven\repo\org\springframework\boot\spring-boot-starter-json\2.4.0\spring-boot-starter-json-2.4.0.jar;D:\Maven\repo\com\fasterxml\jackson\core\jackson-databind\2.11.3\jackson-databind-2.11.3.jar;D:\Maven\repo\com\fasterxml\jackson\core\jackson-annotations\2.11.3\jackson-annotations-2.11.3.jar;D:\Maven\repo\com\fasterxml\jackson\core\jackson-core\2.11.3\jackson-core-2.11.3.jar;D:\Maven\repo\com\fasterxml\jackson\datatype\jackson-datatype-jdk8\2.11.3\jackson-datatype-jdk8-2.11.3.jar;D:\Maven\repo\com\fasterxml\jackson\datatype\jackson-datatype-jsr310\2.11.3\jackson-datatype-jsr310-2.11.3.jar;D:\Maven\repo\com\fasterxml\jackson\module\jackson-module-parameter-names\2.11.3\jackson-module-parameter-names-2.11.3.jar;D:\Maven\repo\org\springframework\boot\spring-boot-starter-tomcat\2.4.0\spring-boot-starter-tomcat-2.4.0.jar;D:\Maven\repo\org\apache\tomcat\embed\tomcat-embed-core\9.0.39\tomcat-embed-core-9.0.39.jar;D:\Maven\repo\org\glassfish\jakarta.el\3.0.3\jakarta.el-3.0.3.jar;D:\Maven\repo\org\apache\tomcat\embed\tomcat-embed-websocket\9.0.39\tomcat-embed-websocket-9.0.39.jar;D:\Maven\repo\org\springframework\spring-web\5.3.1\spring-web-5.3.1.jar;D:\Maven\repo\org\springframework\spring-beans\5.3.1\spring-beans-5.3.1.jar;D:\Maven\repo\org\springframework\spring-webmvc\5.3.1\spring-webmvc-5.3.1.jar;D:\Maven\repo\org\springframework\spring-aop\5.3.1\spring-aop-5.3.1.jar;D:\Maven\repo\org\springframework\spring-context\5.3.1\spring-context-5.3.1.jar;D:\Maven\repo\org\springframework\spring-expression\5.3.1\spring-expression-5.3.1.jar;D:\Maven\repo\org\springframework\boot\spring-boot-starter-test\2.4.0\spring-boot-starter-test-2.4.0.jar;D:\Maven\repo\org\springframework\boot\spring-boot-test\2.4.0\spring-boot-test-2.4.0.jar;D:\Maven\repo\org\springframework\boot\spring-boot-test-autoconfigure\2.4.0\spring-boot-test-autoconfigure-2.4.0.jar;D:\Maven\repo\com\jayway\jsonpath\json-path\2.4.0\json-path-2.4.0.jar;D:\Maven\repo\net\minidev\json-smart\2.3\json-smart-2.3.jar;D:\Maven\repo\net\minidev\accessors-smart\1.2\accessors-smart-1.2.jar;D:\Maven\repo\org\ow2\asm\asm\5.0.4\asm-5.0.4.jar;D:\Maven\repo\org\slf4j\slf4j-api\1.7.30\slf4j-api-1.7.30.jar;D:\Maven\repo\jakarta\xml\bind\jakarta.xml.bind-api\2.3.3\jakarta.xml.bind-api-2.3.3.jar;D:\Maven\repo\jakarta\activation\jakarta.activation-api\1.2.2\jakarta.activation-api-1.2.2.jar;D:\Maven\repo\org\assertj\assertj-core\3.18.1\assertj-core-3.18.1.jar;D:\Maven\repo\org\hamcrest\hamcrest\2.2\hamcrest-2.2.jar;D:\Maven\repo\org\junit\jupiter\junit-jupiter\5.7.0\junit-jupiter-5.7.0.jar;D:\Maven\repo\org\junit\jupiter\junit-jupiter-api\5.7.0\junit-jupiter-api-5.7.0.jar;D:\Maven\repo\org\apiguardian\apiguardian-api\1.1.0\apiguardian-api-1.1.0.jar;D:\Maven\repo\org\opentest4j\opentest4j\1.2.0\opentest4j-1.2.0.jar;D:\Maven\repo\org\junit\platform\junit-platform-commons\1.7.0\junit-platform-commons-1.7.0.jar;D:\Maven\repo\org\junit\jupiter\junit-jupiter-params\5.7.0\junit-jupiter-params-5.7.0.jar;D:\Maven\repo\org\junit\jupiter\junit-jupiter-engine\5.7.0\junit-jupiter-engine-5.7.0.jar;D:\Maven\repo\org\junit\platform\junit-platform-engine\1.7.0\junit-platform-engine-1.7.0.jar;D:\Maven\repo\org\mockito\mockito-core\3.6.0\mockito-core-3.6.0.jar;D:\Maven\repo\net\bytebuddy\byte-buddy\1.10.18\byte-buddy-1.10.18.jar;D:\Maven\repo\net\bytebuddy\byte-buddy-agent\1.10.18\byte-buddy-agent-1.10.18.jar;D:\Maven\repo\org\objenesis\objenesis\3.1\objenesis-3.1.jar;D:\Maven\repo\org\mockito\mockito-junit-jupiter\3.6.0\mockito-junit-jupiter-3.6.0.jar;D:\Maven\repo\org\skyscreamer\jsonassert\1.5.0\jsonassert-1.5.0.jar;D:\Maven\repo\com\vaadin\external\google\android-json\0.0.20131108.vaadin1\android-json-0.0.20131108.vaadin1.jar;D:\Maven\repo\org\springframework\spring-core\5.3.1\spring-core-5.3.1.jar;D:\Maven\repo\org\springframework\spring-jcl\5.3.1\spring-jcl-5.3.1.jar;D:\Maven\repo\org\springframework\spring-test\5.3.1\spring-test-5.3.1.jar;D:\Maven\repo\org\xmlunit\xmlunit-core\2.7.0\xmlunit-core-2.7.0.jar;"/>
    <property name="java.vm.vendor" value="Oracle Corporation"/>
    <property name="sun.arch.data.model" value="64"/>
    <property name="user.variant" value=""/>
    <property name="java.vendor.url" value="http://java.oracle.com/"/>
    <property name="user.timezone" value="Asia/Shanghai"/>
    <property name="java.vm.specification.version" value="1.8"/>
    <property name="os.name" value="Windows 10"/>
    <property name="user.country" value="CN"/>
    <property name="sun.java.launcher" value="SUN_STANDARD"/>
    <property name="sun.boot.library.path" value="C:\Program Files\Java\jdk1.8.0_271\jre\bin"/>
    <property name="sun.java.command" value="C:\Users\HJS202~1\AppData\Local\Temp\surefire9010827232647800600\surefirebooter9123959055194497773.jar C:\Users\hjs2027864933\AppData\Local\Temp\surefire9010827232647800600 2020-12-03T20-33-29_385-jvmRun1 surefire3387866039928362979tmp surefire_06502283213816424691tmp"/>
    <property name="surefire.test.class.path" value="D:\IDEA_code\jwtx\target\test-classes;D:\IDEA_code\jwtx\target\classes;D:\Maven\repo\org\springframework\boot\spring-boot-starter-web\2.4.0\spring-boot-starter-web-2.4.0.jar;D:\Maven\repo\org\springframework\boot\spring-boot-starter\2.4.0\spring-boot-starter-2.4.0.jar;D:\Maven\repo\org\springframework\boot\spring-boot\2.4.0\spring-boot-2.4.0.jar;D:\Maven\repo\org\springframework\boot\spring-boot-autoconfigure\2.4.0\spring-boot-autoconfigure-2.4.0.jar;D:\Maven\repo\org\springframework\boot\spring-boot-starter-logging\2.4.0\spring-boot-starter-logging-2.4.0.jar;D:\Maven\repo\ch\qos\logback\logback-classic\1.2.3\logback-classic-1.2.3.jar;D:\Maven\repo\ch\qos\logback\logback-core\1.2.3\logback-core-1.2.3.jar;D:\Maven\repo\org\apache\logging\log4j\log4j-to-slf4j\2.13.3\log4j-to-slf4j-2.13.3.jar;D:\Maven\repo\org\apache\logging\log4j\log4j-api\2.13.3\log4j-api-2.13.3.jar;D:\Maven\repo\org\slf4j\jul-to-slf4j\1.7.30\jul-to-slf4j-1.7.30.jar;D:\Maven\repo\jakarta\annotation\jakarta.annotation-api\1.3.5\jakarta.annotation-api-1.3.5.jar;D:\Maven\repo\org\yaml\snakeyaml\1.27\snakeyaml-1.27.jar;D:\Maven\repo\org\springframework\boot\spring-boot-starter-json\2.4.0\spring-boot-starter-json-2.4.0.jar;D:\Maven\repo\com\fasterxml\jackson\core\jackson-databind\2.11.3\jackson-databind-2.11.3.jar;D:\Maven\repo\com\fasterxml\jackson\core\jackson-annotations\2.11.3\jackson-annotations-2.11.3.jar;D:\Maven\repo\com\fasterxml\jackson\core\jackson-core\2.11.3\jackson-core-2.11.3.jar;D:\Maven\repo\com\fasterxml\jackson\datatype\jackson-datatype-jdk8\2.11.3\jackson-datatype-jdk8-2.11.3.jar;D:\Maven\repo\com\fasterxml\jackson\datatype\jackson-datatype-jsr310\2.11.3\jackson-datatype-jsr310-2.11.3.jar;D:\Maven\repo\com\fasterxml\jackson\module\jackson-module-parameter-names\2.11.3\jackson-module-parameter-names-2.11.3.jar;D:\Maven\repo\org\springframework\boot\spring-boot-starter-tomcat\2.4.0\spring-boot-starter-tomcat-2.4.0.jar;D:\Maven\repo\org\apache\tomcat\embed\tomcat-embed-core\9.0.39\tomcat-embed-core-9.0.39.jar;D:\Maven\repo\org\glassfish\jakarta.el\3.0.3\jakarta.el-3.0.3.jar;D:\Maven\repo\org\apache\tomcat\embed\tomcat-embed-websocket\9.0.39\tomcat-embed-websocket-9.0.39.jar;D:\Maven\repo\org\springframework\spring-web\5.3.1\spring-web-5.3.1.jar;D:\Maven\repo\org\springframework\spring-beans\5.3.1\spring-beans-5.3.1.jar;D:\Maven\repo\org\springframework\spring-webmvc\5.3.1\spring-webmvc-5.3.1.jar;D:\Maven\repo\org\springframework\spring-aop\5.3.1\spring-aop-5.3.1.jar;D:\Maven\repo\org\springframework\spring-context\5.3.1\spring-context-5.3.1.jar;D:\Maven\repo\org\springframework\spring-expression\5.3.1\spring-expression-5.3.1.jar;D:\Maven\repo\org\springframework\boot\spring-boot-starter-test\2.4.0\spring-boot-starter-test-2.4.0.jar;D:\Maven\repo\org\springframework\boot\spring-boot-test\2.4.0\spring-boot-test-2.4.0.jar;D:\Maven\repo\org\springframework\boot\spring-boot-test-autoconfigure\2.4.0\spring-boot-test-autoconfigure-2.4.0.jar;D:\Maven\repo\com\jayway\jsonpath\json-path\2.4.0\json-path-2.4.0.jar;D:\Maven\repo\net\minidev\json-smart\2.3\json-smart-2.3.jar;D:\Maven\repo\net\minidev\accessors-smart\1.2\accessors-smart-1.2.jar;D:\Maven\repo\org\ow2\asm\asm\5.0.4\asm-5.0.4.jar;D:\Maven\repo\org\slf4j\slf4j-api\1.7.30\slf4j-api-1.7.30.jar;D:\Maven\repo\jakarta\xml\bind\jakarta.xml.bind-api\2.3.3\jakarta.xml.bind-api-2.3.3.jar;D:\Maven\repo\jakarta\activation\jakarta.activation-api\1.2.2\jakarta.activation-api-1.2.2.jar;D:\Maven\repo\org\assertj\assertj-core\3.18.1\assertj-core-3.18.1.jar;D:\Maven\repo\org\hamcrest\hamcrest\2.2\hamcrest-2.2.jar;D:\Maven\repo\org\junit\jupiter\junit-jupiter\5.7.0\junit-jupiter-5.7.0.jar;D:\Maven\repo\org\junit\jupiter\junit-jupiter-api\5.7.0\junit-jupiter-api-5.7.0.jar;D:\Maven\repo\org\apiguardian\apiguardian-api\1.1.0\apiguardian-api-1.1.0.jar;D:\Maven\repo\org\opentest4j\opentest4j\1.2.0\opentest4j-1.2.0.jar;D:\Maven\repo\org\junit\platform\junit-platform-commons\1.7.0\junit-platform-commons-1.7.0.jar;D:\Maven\repo\org\junit\jupiter\junit-jupiter-params\5.7.0\junit-jupiter-params-5.7.0.jar;D:\Maven\repo\org\junit\jupiter\junit-jupiter-engine\5.7.0\junit-jupiter-engine-5.7.0.jar;D:\Maven\repo\org\junit\platform\junit-platform-engine\1.7.0\junit-platform-engine-1.7.0.jar;D:\Maven\repo\org\mockito\mockito-core\3.6.0\mockito-core-3.6.0.jar;D:\Maven\repo\net\bytebuddy\byte-buddy\1.10.18\byte-buddy-1.10.18.jar;D:\Maven\repo\net\bytebuddy\byte-buddy-agent\1.10.18\byte-buddy-agent-1.10.18.jar;D:\Maven\repo\org\objenesis\objenesis\3.1\objenesis-3.1.jar;D:\Maven\repo\org\mockito\mockito-junit-jupiter\3.6.0\mockito-junit-jupiter-3.6.0.jar;D:\Maven\repo\org\skyscreamer\jsonassert\1.5.0\jsonassert-1.5.0.jar;D:\Maven\repo\com\vaadin\external\google\android-json\0.0.20131108.vaadin1\android-json-0.0.20131108.vaadin1.jar;D:\Maven\repo\org\springframework\spring-core\5.3.1\spring-core-5.3.1.jar;D:\Maven\repo\org\springframework\spring-jcl\5.3.1\spring-jcl-5.3.1.jar;D:\Maven\repo\org\springframework\spring-test\5.3.1\spring-test-5.3.1.jar;D:\Maven\repo\org\xmlunit\xmlunit-core\2.7.0\xmlunit-core-2.7.0.jar;"/>
    <property name="sun.cpu.endian" value="little"/>
    <property name="user.home" value="C:\Users\hjs2027864933"/>
    <property name="user.language" value="zh"/>
    <property name="java.specification.vendor" value="Oracle Corporation"/>
    <property name="java.home" value="C:\Program Files\Java\jdk1.8.0_271\jre"/>
    <property name="basedir" value="D:\IDEA_code\jwtx"/>
    <property name="file.separator" value="\"/>
    <property name="line.separator" value="&#10;"/>
    <property name="java.vm.specification.vendor" value="Oracle Corporation"/>
    <property name="java.specification.name" value="Java Platform API Specification"/>
    <property name="java.awt.graphicsenv" value="sun.awt.Win32GraphicsEnvironment"/>
    <property name="surefire.real.class.path" value="C:\Users\HJS202~1\AppData\Local\Temp\surefire9010827232647800600\surefirebooter9123959055194497773.jar"/>
    <property name="sun.boot.class.path" value="C:\Program Files\Java\jdk1.8.0_271\jre\lib\resources.jar;C:\Program Files\Java\jdk1.8.0_271\jre\lib\rt.jar;C:\Program Files\Java\jdk1.8.0_271\jre\lib\sunrsasign.jar;C:\Program Files\Java\jdk1.8.0_271\jre\lib\jsse.jar;C:\Program Files\Java\jdk1.8.0_271\jre\lib\jce.jar;C:\Program Files\Java\jdk1.8.0_271\jre\lib\charsets.jar;C:\Program Files\Java\jdk1.8.0_271\jre\lib\jfr.jar;C:\Program Files\Java\jdk1.8.0_271\jre\classes"/>
    <property name="user.script" value=""/>
    <property name="sun.management.compiler" value="HotSpot 64-Bit Tiered Compilers"/>
    <property name="java.runtime.version" value="1.8.0_271-b09"/>
    <property name="user.name" value="hjs2027864933"/>
    <property name="path.separator" value=";"/>
    <property name="os.version" value="10.0"/>
    <property name="java.endorsed.dirs" value="C:\Program Files\Java\jdk1.8.0_271\jre\lib\endorsed"/>
    <property name="java.runtime.name" value="Java(TM) SE Runtime Environment"/>
    <property name="file.encoding" value="GBK"/>
    <property name="java.vm.name" value="Java HotSpot(TM) 64-Bit Server VM"/>
    <property name="localRepository" value="D:\Maven\repo"/>
    <property name="java.vendor.url.bug" value="http://bugreport.sun.com/bugreport/"/>
    <property name="java.io.tmpdir" value="C:\Users\HJS202~1\AppData\Local\Temp\"/>
    <property name="idea.version" value="2020.2.3"/>
    <property name="java.version" value="1.8.0_271"/>
    <property name="user.dir" value="D:\IDEA_code\jwtx"/>
    <property name="os.arch" value="amd64"/>
    <property name="java.vm.specification.name" value="Java Virtual Machine Specification"/>
    <property name="java.awt.printerjob" value="sun.awt.windows.WPrinterJob"/>
    <property name="sun.os.patch.level" value=""/>
    <property name="java.library.path" value="C:\Program Files\Java\jdk1.8.0_271\jre\bin;C:\WINDOWS\Sun\Java\bin;C:\WINDOWS\system32;C:\WINDOWS;C:\Program Files (x86)\Common Files\Oracle\Java\javapath;C:\Program Files (x86)\NetSarang\Xftp 6\;C:\Program Files (x86)\NetSarang\Xshell 6\;C:\Windows\system32;C:\Windows;C:\Windows\System32\Wbem;C:\Windows\System32\WindowsPowerShell\v1.0\;C:\Windows\System32\OpenSSH\;C:\Program Files\NVIDIA Corporation\NVIDIA NvDLISR;C:\Program Files (x86)\NVIDIA Corporation\PhysX\Common;C:\Program Files\Common Files\Autodesk Shared\;C:\Program Files\Microsoft SQL Server\120\Tools\Binn\;C:\Program Files\nodejs\;C:\Program Files\Git\cmd;C:\Program Files\Java\jdk1.8.0_271\bin;D:\MySQL\mysql-8.0.19-winx64\mysql-8.0.19-winx64\bin;C:\WINDOWS\system32;C:\WINDOWS;C:\WINDOWS\System32\Wbem;C:\WINDOWS\System32\WindowsPowerShell\v1.0\;C:\WINDOWS\System32\OpenSSH\;D:\opencv\build\x64\vc15\bin;C:\Program Files\CMake\bin;D:\Maven\apache-maven-3.6.3\bin;C:\Users\hjs2027864933\AppData\Local\Programs\Python\Python37\Scripts\;C:\Users\hjs2027864933\AppData\Local\Programs\Python\Python37\;C:\Users\hjs2027864933\AppData\Local\Microsoft\WindowsApps;E:\bandizip\;C:\Users\hjs2027864933\AppData\Roaming\npm;D:\PyCharm 2019.3.3\bin;;;H:\Microsoft VS Code\bin;D:\IntelliJ IDEA 2020.2.3\bin;;."/>
    <property name="java.vm.info" value="mixed mode"/>
    <property name="java.vendor" value="Oracle Corporation"/>
    <property name="java.vm.version" value="25.271-b09"/>
    <property name="java.ext.dirs" value="C:\Program Files\Java\jdk1.8.0_271\jre\lib\ext;C:\WINDOWS\Sun\Java\lib\ext"/>
    <property name="sun.io.unicode.encoding" value="UnicodeLittle"/>
    <property name="maven.repo.local" value="D:\Maven\repo"/>
    <property name="java.class.version" value="52.0"/>
  </properties>
  <testcase name="contextLoads" classname="com.example.jwtx.JwtxApplicationTests" time="0.175"/>
</testsuite>